# JRE version: Java(TM) SE Runtime Environment (8.0_101-b13) (build 1.8.0_101-b13)
# Java VM: Java HotSpot(TM) 64-Bit Server VM (25.101-b13 mixed mode windows-amd64 compressed oops)
Heap:
 PSYoungGen      total 87552K, used 33087K [0x000000078bb80000, 0x0000000791780000, 0x00000007c0000000)
  eden space 80896K, 32% used [0x000000078bb80000,0x000000078d557b58,0x0000000790a80000)
  from space 6656K, 99% used [0x0000000791100000,0x00000007917780c8,0x0000000791780000)
  to   space 6656K, 0% used [0x0000000790a80000,0x0000000790a80000,0x0000000791100000)
 ParOldGen       total 57344K, used 6716K [0x0000000723200000, 0x0000000726a00000, 0x000000078bb80000)
  object space 57344K, 11% used [0x0000000723200000,0x000000072388f1c8,0x0000000726a00000)
 Metaspace       used 32821K, capacity 33076K, committed 33664K, reserved 1079296K
  class space    used 4537K, capacity 4620K, committed 4736K, reserved 1048576K
GC Heap History (10 events):
Event: 3.536 GC heap before
{Heap before GC invocations=3 (full 0):
 PSYoungGen      total 87552K, used 85518K [0x000000078bb80000, 0x0000000791780000, 0x00000007c0000000)
  eden space 80896K, 100% used [0x000000078bb80000,0x0000000790a80000,0x0000000790a80000)
  from space 6656K, 69% used [0x0000000791100000,0x0000000791583ae8,0x0000000791780000)
  to   space 6656K, 0% used [0x0000000790a80000,0x0000000790a80000,0x0000000791100000)
 ParOldGen       total 108032K, used 369K [0x0000000723200000, 0x0000000729b80000, 0x000000078bb80000)
  object space 108032K, 0% used [0x0000000723200000,0x000000072325c540,0x0000000729b80000)
 Metaspace       used 19150K, capacity 19348K, committed 19712K, reserved 1067008K
  class space    used 2649K, capacity 2715K, committed 2816K, reserved 1048576K
Event: 3.543 GC heap after
Heap after GC invocations=3 (full 0):
 PSYoungGen      total 87552K, used 6635K [0x000000078bb80000, 0x0000000791780000, 0x00000007c0000000)
  eden space 80896K, 0% used [0x000000078bb80000,0x000000078bb80000,0x0000000790a80000)
  from space 6656K, 99% used [0x0000000790a80000,0x00000007910fae70,0x0000000791100000)
  to   space 6656K, 0% used [0x0000000791100000,0x0000000791100000,0x0000000791780000)
 ParOldGen       total 108032K, used 1464K [0x0000000723200000, 0x0000000729b80000, 0x000000078bb80000)
  object space 108032K, 1% used [0x0000000723200000,0x000000072336e350,0x0000000729b80000)
 Metaspace       used 19150K, capacity 19348K, committed 19712K, reserved 1067008K
  class space    used 2649K, capacity 2715K, committed 2816K, reserved 1048576K
}
Event: 3.785 GC heap before
{Heap before GC invocations=4 (full 0):
 PSYoungGen      total 87552K, used 35938K [0x000000078bb80000, 0x0000000791780000, 0x00000007c0000000)
  eden space 80896K, 36% used [0x000000078bb80000,0x000000078d81dc00,0x0000000790a80000)
  from space 6656K, 99% used [0x0000000790a80000,0x00000007910fae70,0x0000000791100000)
  to   space 6656K, 0% used [0x0000000791100000,0x0000000791100000,0x0000000791780000)
 ParOldGen       total 108032K, used 1464K [0x0000000723200000, 0x0000000729b80000, 0x000000078bb80000)
  object space 108032K, 1% used [0x0000000723200000,0x000000072336e350,0x0000000729b80000)
 Metaspace       used 20769K, capacity 20998K, committed 21296K, reserved 1067008K
  class space    used 2874K, capacity 2942K, committed 2944K, reserved 1048576K
Event: 3.791 GC heap after
Heap after GC invocations=4 (full 0):
 PSYoungGen      total 87552K, used 5921K [0x000000078bb80000, 0x0000000791780000, 0x00000007c0000000)
  eden space 80896K, 0% used [0x000000078bb80000,0x000000078bb80000,0x0000000790a80000)
  from space 6656K, 88% used [0x0000000791100000,0x00000007916c85a8,0x0000000791780000)
  to   space 6656K, 0% used [0x0000000790a80000,0x0000000790a80000,0x0000000791100000)
 ParOldGen       total 108032K, used 1472K [0x0000000723200000, 0x0000000729b80000, 0x000000078bb80000)
  object space 108032K, 1% used [0x0000000723200000,0x0000000723370350,0x0000000729b80000)
 Metaspace       used 20769K, capacity 20998K, committed 21296K, reserved 1067008K
  class space    used 2874K, capacity 2942K, committed 2944K, reserved 1048576K
}
Event: 3.791 GC heap before
{Heap before GC invocations=5 (full 1):
 PSYoungGen      total 87552K, used 5921K [0x000000078bb80000, 0x0000000791780000, 0x00000007c0000000)
  eden space 80896K, 0% used [0x000000078bb80000,0x000000078bb80000,0x0000000790a80000)
  from space 6656K, 88% used [0x0000000791100000,0x00000007916c85a8,0x0000000791780000)
  to   space 6656K, 0% used [0x0000000790a80000,0x0000000790a80000,0x0000000791100000)
 ParOldGen       total 108032K, used 1472K [0x0000000723200000, 0x0000000729b80000, 0x000000078bb80000)
  object space 108032K, 1% used [0x0000000723200000,0x0000000723370350,0x0000000729b80000)
 Metaspace       used 20769K, capacity 20998K, committed 21296K, reserved 1067008K
  class space    used 2874K, capacity 2942K, committed 2944K, reserved 1048576K
Event: 3.815 GC heap after
Heap after GC invocations=5 (full 1):
 PSYoungGen      total 87552K, used 0K [0x000000078bb80000, 0x0000000791780000, 0x00000007c0000000)
  eden space 80896K, 0% used [0x000000078bb80000,0x000000078bb80000,0x0000000790a80000)
  from space 6656K, 0% used [0x0000000791100000,0x0000000791100000,0x0000000791780000)
  to   space 6656K, 0% used [0x0000000790a80000,0x0000000790a80000,0x0000000791100000)
 ParOldGen       total 57344K, used 5867K [0x0000000723200000, 0x0000000726a00000, 0x000000078bb80000)
  object space 57344K, 10% used [0x0000000723200000,0x00000007237bae40,0x0000000726a00000)
 Metaspace       used 20769K, capacity 20998K, committed 21296K, reserved 1067008K
  class space    used 2874K, capacity 2942K, committed 2944K, reserved 1048576K
}
Event: 4.440 GC heap before
{Heap before GC invocations=6 (full 1):
 PSYoungGen      total 87552K, used 80896K [0x000000078bb80000, 0x0000000791780000, 0x00000007c0000000)
  eden space 80896K, 100% used [0x000000078bb80000,0x0000000790a80000,0x0000000790a80000)
  from space 6656K, 0% used [0x0000000791100000,0x0000000791100000,0x0000000791780000)
  to   space 6656K, 0% used [0x0000000790a80000,0x0000000790a80000,0x0000000791100000)
 ParOldGen       total 57344K, used 5867K [0x0000000723200000, 0x0000000726a00000, 0x000000078bb80000)
  object space 57344K, 10% used [0x0000000723200000,0x00000007237bae40,0x0000000726a00000)
 Metaspace       used 26837K, capacity 27096K, committed 27392K, reserved 1073152K
  class space    used 3695K, capacity 3777K, committed 3840K, reserved 1048576K
Event: 4.501 GC heap after
Heap after GC invocations=6 (full 1):
 PSYoungGen      total 87552K, used 6646K [0x000000078bb80000, 0x0000000791780000, 0x00000007c0000000)
  eden space 80896K, 0% used [0x000000078bb80000,0x000000078bb80000,0x0000000790a80000)
  from space 6656K, 99% used [0x0000000790a80000,0x00000007910fda38,0x0000000791100000)
  to   space 6656K, 0% used [0x0000000791100000,0x0000000791100000,0x0000000791780000)
 ParOldGen       total 57344K, used 6162K [0x0000000723200000, 0x0000000726a00000, 0x000000078bb80000)
  object space 57344K, 10% used [0x0000000723200000,0x0000000723804a50,0x0000000726a00000)
 Metaspace       used 26837K, capacity 27096K, committed 27392K, reserved 1073152K
  class space    used 3695K, capacity 3777K, committed 3840K, reserved 1048576K
}
Event: 5.002 GC heap before
{Heap before GC invocations=7 (full 1):
 PSYoungGen      total 87552K, used 87542K [0x000000078bb80000, 0x0000000791780000, 0x00000007c0000000)
  eden space 80896K, 100% used [0x000000078bb80000,0x0000000790a80000,0x0000000790a80000)
  from space 6656K, 99% used [0x0000000790a80000,0x00000007910fda38,0x0000000791100000)
  to   space 6656K, 0% used [0x0000000791100000,0x0000000791100000,0x0000000791780000)
 ParOldGen       total 57344K, used 6162K [0x0000000723200000, 0x0000000726a00000, 0x000000078bb80000)
  object space 57344K, 10% used [0x0000000723200000,0x0000000723804a50,0x0000000726a00000)
 Metaspace       used 31754K, capacity 31950K, committed 32384K, reserved 1077248K
  class space    used 4367K, capacity 4459K, committed 4480K, reserved 1048576K
Event: 5.007 GC heap after
Heap after GC invocations=7 (full 1):
 PSYoungGen      total 87552K, used 6624K [0x000000078bb80000, 0x0000000791780000, 0x00000007c0000000)
  eden space 80896K, 0% used [0x000000078bb80000,0x000000078bb80000,0x0000000790a80000)
  from space 6656K, 99% used [0x0000000791100000,0x00000007917780c8,0x0000000791780000)
  to   space 6656K, 0% used [0x0000000790a80000,0x0000000790a80000,0x0000000791100000)
 ParOldGen       total 57344K, used 6716K [0x0000000723200000, 0x0000000726a00000, 0x000000078bb80000)
  object space 57344K, 11% used [0x0000000723200000,0x000000072388f1c8,0x0000000726a00000)
 Metaspace       used 31754K, capacity 31950K, committed 32384K, reserved 1077248K
  class space    used 4367K, capacity 4459K, committed 4480K, reserved 1048576K
}

