# JRE version: Java(TM) SE Runtime Environment (8.0_101-b13) (build 1.8.0_101-b13)
# Java VM: Java HotSpot(TM) 64-Bit Server VM (25.101-b13 mixed mode windows-amd64 compressed oops)
Heap:
 PSYoungGen      total 121344K, used 97694K [0x000000078bb80000, 0x0000000796000000, 0x00000007c0000000)
  eden space 112640K, 81% used [0x000000078bb80000,0x00000007915960f0,0x0000000792980000)
  from space 8704K, 62% used [0x0000000793180000,0x00000007936d1ac8,0x0000000793a00000)
  to   space 8192K, 0% used [0x0000000792980000,0x0000000792980000,0x0000000793180000)
 ParOldGen       total 66048K, used 9967K [0x0000000723200000, 0x0000000727280000, 0x000000078bb80000)
  object space 66048K, 15% used [0x0000000723200000,0x0000000723bbbf08,0x0000000727280000)
 Metaspace       used 44174K, capacity 44422K, committed 44928K, reserved 1087488K
  class space    used 5883K, capacity 5968K, committed 6016K, reserved 1048576K
GC Heap History (10 events):
Event: 4.182 GC heap before
{Heap before GC invocations=8 (full 1):
 PSYoungGen      total 72192K, used 72076K [0x000000078bb80000, 0x0000000791580000, 0x00000007c0000000)
  eden space 68608K, 100% used [0x000000078bb80000,0x000000078fe80000,0x000000078fe80000)
  from space 3584K, 96% used [0x0000000791200000,0x0000000791563020,0x0000000791580000)
  to   space 8192K, 0% used [0x0000000790580000,0x0000000790580000,0x0000000790d80000)
 ParOldGen       total 66048K, used 5802K [0x0000000723200000, 0x0000000727280000, 0x000000078bb80000)
  object space 66048K, 8% used [0x0000000723200000,0x00000007237aa920,0x0000000727280000)
 Metaspace       used 28744K, capacity 29016K, committed 29440K, reserved 1075200K
  class space    used 3941K, capacity 4033K, committed 4096K, reserved 1048576K
Event: 4.186 GC heap after
Heap after GC invocations=8 (full 1):
 PSYoungGen      total 83968K, used 7181K [0x000000078bb80000, 0x0000000793a00000, 0x00000007c0000000)
  eden space 75776K, 0% used [0x000000078bb80000,0x000000078bb80000,0x0000000790580000)
  from space 8192K, 87% used [0x0000000790580000,0x0000000790c83488,0x0000000790d80000)
  to   space 8704K, 0% used [0x0000000793180000,0x0000000793180000,0x0000000793a00000)
 ParOldGen       total 66048K, used 5802K [0x0000000723200000, 0x0000000727280000, 0x000000078bb80000)
  object space 66048K, 8% used [0x0000000723200000,0x00000007237aa920,0x0000000727280000)
 Metaspace       used 28744K, capacity 29016K, committed 29440K, reserved 1075200K
  class space    used 3941K, capacity 4033K, committed 4096K, reserved 1048576K
}
Event: 4.670 GC heap before
{Heap before GC invocations=9 (full 1):
 PSYoungGen      total 83968K, used 82957K [0x000000078bb80000, 0x0000000793a00000, 0x00000007c0000000)
  eden space 75776K, 100% used [0x000000078bb80000,0x0000000790580000,0x0000000790580000)
  from space 8192K, 87% used [0x0000000790580000,0x0000000790c83488,0x0000000790d80000)
  to   space 8704K, 0% used [0x0000000793180000,0x0000000793180000,0x0000000793a00000)
 ParOldGen       total 66048K, used 5802K [0x0000000723200000, 0x0000000727280000, 0x000000078bb80000)
  object space 66048K, 8% used [0x0000000723200000,0x00000007237aa920,0x0000000727280000)
 Metaspace       used 32722K, capacity 32884K, committed 33408K, reserved 1077248K
  class space    used 4523K, capacity 4620K, committed 4736K, reserved 1048576K
Event: 4.685 GC heap after
Heap after GC invocations=9 (full 1):
 PSYoungGen      total 120832K, used 6190K [0x000000078bb80000, 0x0000000794800000, 0x00000007c0000000)
  eden space 112128K, 0% used [0x000000078bb80000,0x000000078bb80000,0x0000000792900000)
  from space 8704K, 71% used [0x0000000793180000,0x000000079378b878,0x0000000793a00000)
  to   space 8704K, 0% used [0x0000000792900000,0x0000000792900000,0x0000000793180000)
 ParOldGen       total 66048K, used 5802K [0x0000000723200000, 0x0000000727280000, 0x000000078bb80000)
  object space 66048K, 8% used [0x0000000723200000,0x00000007237aa920,0x0000000727280000)
 Metaspace       used 32722K, capacity 32884K, committed 33408K, reserved 1077248K
  class space    used 4523K, capacity 4620K, committed 4736K, reserved 1048576K
}
Event: 5.151 GC heap before
{Heap before GC invocations=10 (full 1):
 PSYoungGen      total 120832K, used 51773K [0x000000078bb80000, 0x0000000794800000, 0x00000007c0000000)
  eden space 112128K, 40% used [0x000000078bb80000,0x000000078e803f58,0x0000000792900000)
  from space 8704K, 71% used [0x0000000793180000,0x000000079378b878,0x0000000793a00000)
  to   space 8704K, 0% used [0x0000000792900000,0x0000000792900000,0x0000000793180000)
 ParOldGen       total 66048K, used 5802K [0x0000000723200000, 0x0000000727280000, 0x000000078bb80000)
  object space 66048K, 8% used [0x0000000723200000,0x00000007237aa920,0x0000000727280000)
 Metaspace       used 34872K, capacity 35046K, committed 35456K, reserved 1079296K
  class space    used 4819K, capacity 4912K, committed 4992K, reserved 1048576K
Event: 5.155 GC heap after
Heap after GC invocations=10 (full 1):
 PSYoungGen      total 120832K, used 4621K [0x000000078bb80000, 0x0000000794800000, 0x00000007c0000000)
  eden space 112128K, 0% used [0x000000078bb80000,0x000000078bb80000,0x0000000792900000)
  from space 8704K, 53% used [0x0000000792900000,0x0000000792d83538,0x0000000793180000)
  to   space 8704K, 0% used [0x0000000793180000,0x0000000793180000,0x0000000793a00000)
 ParOldGen       total 66048K, used 6822K [0x0000000723200000, 0x0000000727280000, 0x000000078bb80000)
  object space 66048K, 10% used [0x0000000723200000,0x00000007238a9a90,0x0000000727280000)
 Metaspace       used 34872K, capacity 35046K, committed 35456K, reserved 1079296K
  class space    used 4819K, capacity 4912K, committed 4992K, reserved 1048576K
}
Event: 5.155 GC heap before
{Heap before GC invocations=11 (full 2):
 PSYoungGen      total 120832K, used 4621K [0x000000078bb80000, 0x0000000794800000, 0x00000007c0000000)
  eden space 112128K, 0% used [0x000000078bb80000,0x000000078bb80000,0x0000000792900000)
  from space 8704K, 53% used [0x0000000792900000,0x0000000792d83538,0x0000000793180000)
  to   space 8704K, 0% used [0x0000000793180000,0x0000000793180000,0x0000000793a00000)
 ParOldGen       total 66048K, used 6822K [0x0000000723200000, 0x0000000727280000, 0x000000078bb80000)
  object space 66048K, 10% used [0x0000000723200000,0x00000007238a9a90,0x0000000727280000)
 Metaspace       used 34872K, capacity 35046K, committed 35456K, reserved 1079296K
  class space    used 4819K, capacity 4912K, committed 4992K, reserved 1048576K
Event: 5.182 GC heap after
Heap after GC invocations=11 (full 2):
 PSYoungGen      total 120832K, used 0K [0x000000078bb80000, 0x0000000794800000, 0x00000007c0000000)
  eden space 112128K, 0% used [0x000000078bb80000,0x000000078bb80000,0x0000000792900000)
  from space 8704K, 0% used [0x0000000792900000,0x0000000792900000,0x0000000793180000)
  to   space 8704K, 0% used [0x0000000793180000,0x0000000793180000,0x0000000793a00000)
 ParOldGen       total 66048K, used 9959K [0x0000000723200000, 0x0000000727280000, 0x000000078bb80000)
  object space 66048K, 15% used [0x0000000723200000,0x0000000723bb9f08,0x0000000727280000)
 Metaspace       used 34872K, capacity 35046K, committed 35456K, reserved 1079296K
  class space    used 4819K, capacity 4912K, committed 4992K, reserved 1048576K
}
Event: 5.908 GC heap before
{Heap before GC invocations=12 (full 2):
 PSYoungGen      total 120832K, used 112128K [0x000000078bb80000, 0x0000000794800000, 0x00000007c0000000)
  eden space 112128K, 100% used [0x000000078bb80000,0x0000000792900000,0x0000000792900000)
  from space 8704K, 0% used [0x0000000792900000,0x0000000792900000,0x0000000793180000)
  to   space 8704K, 0% used [0x0000000793180000,0x0000000793180000,0x0000000793a00000)
 ParOldGen       total 66048K, used 9959K [0x0000000723200000, 0x0000000727280000, 0x000000078bb80000)
  object space 66048K, 15% used [0x0000000723200000,0x0000000723bb9f08,0x0000000727280000)
 Metaspace       used 39010K, capacity 39238K, committed 39808K, reserved 1083392K
  class space    used 5324K, capacity 5392K, committed 5504K, reserved 1048576K
Event: 5.914 GC heap after
Heap after GC invocations=12 (full 2):
 PSYoungGen      total 121344K, used 5446K [0x000000078bb80000, 0x0000000796000000, 0x00000007c0000000)
  eden space 112640K, 0% used [0x000000078bb80000,0x000000078bb80000,0x0000000792980000)
  from space 8704K, 62% used [0x0000000793180000,0x00000007936d1ac8,0x0000000793a00000)
  to   space 8192K, 0% used [0x0000000792980000,0x0000000792980000,0x0000000793180000)
 ParOldGen       total 66048K, used 9967K [0x0000000723200000, 0x0000000727280000, 0x000000078bb80000)
  object space 66048K, 15% used [0x0000000723200000,0x0000000723bbbf08,0x0000000727280000)
 Metaspace       used 39010K, capacity 39238K, committed 39808K, reserved 1083392K
  class space    used 5324K, capacity 5392K, committed 5504K, reserved 1048576K
}

