# JRE version: Java(TM) SE Runtime Environment (8.0_101-b13) (build 1.8.0_101-b13)
# Java VM: Java HotSpot(TM) 64-Bit Server VM (25.101-b13 mixed mode windows-amd64 compressed oops)
Heap:
 PSYoungGen      total 82432K, used 9226K [0x000000078bb80000, 0x0000000791580000, 0x00000007c0000000)
  eden space 74240K, 2% used [0x000000078bb80000,0x000000078bd1c4c0,0x0000000790400000)
  from space 8192K, 92% used [0x0000000790580000,0x0000000790ce66d0,0x0000000790d80000)
  to   space 3584K, 60% used [0x0000000791200000,0x000000079141d060,0x0000000791580000)
 ParOldGen       total 54272K, used 5806K [0x0000000723200000, 0x0000000726700000, 0x000000078bb80000)
  object space 54272K, 10% used [0x0000000723200000,0x00000007237ab9a8,0x0000000726700000)
 Metaspace       used 29261K, capacity 29432K, committed 29696K, reserved 1079296K
  class space    used 4003K, capacity 4065K, committed 4096K, reserved 1048576K
GC Heap History (10 events):
Event: 14.410 GC heap after
Heap after GC invocations=4 (full 0):
 PSYoungGen      total 47104K, used 6636K [0x000000078bb80000, 0x000000078f000000, 0x00000007c0000000)
  eden space 40448K, 0% used [0x000000078bb80000,0x000000078bb80000,0x000000078e300000)
  from space 6656K, 99% used [0x000000078e980000,0x000000078effb0b0,0x000000078f000000)
  to   space 6656K, 0% used [0x000000078e300000,0x000000078e300000,0x000000078e980000)
 ParOldGen       total 108032K, used 476K [0x0000000723200000, 0x0000000729b80000, 0x000000078bb80000)
  object space 108032K, 0% used [0x0000000723200000,0x0000000723277260,0x0000000729b80000)
 Metaspace       used 19280K, capacity 19508K, committed 19968K, reserved 1067008K
  class space    used 2668K, capacity 2747K, committed 2816K, reserved 1048576K
}
Event: 14.612 GC heap before
{Heap before GC invocations=5 (full 0):
 PSYoungGen      total 47104K, used 33984K [0x000000078bb80000, 0x000000078f000000, 0x00000007c0000000)
  eden space 40448K, 67% used [0x000000078bb80000,0x000000078d635088,0x000000078e300000)
  from space 6656K, 99% used [0x000000078e980000,0x000000078effb0b0,0x000000078f000000)
  to   space 6656K, 0% used [0x000000078e300000,0x000000078e300000,0x000000078e980000)
 ParOldGen       total 108032K, used 476K [0x0000000723200000, 0x0000000729b80000, 0x000000078bb80000)
  object space 108032K, 0% used [0x0000000723200000,0x0000000723277260,0x0000000729b80000)
 Metaspace       used 20769K, capacity 20998K, committed 21296K, reserved 1067008K
  class space    used 2874K, capacity 2942K, committed 2944K, reserved 1048576K
Event: 14.616 GC heap after
Heap after GC invocations=5 (full 0):
 PSYoungGen      total 47104K, used 5841K [0x000000078bb80000, 0x0000000791980000, 0x00000007c0000000)
  eden space 40448K, 0% used [0x000000078bb80000,0x000000078bb80000,0x000000078e300000)
  from space 6656K, 87% used [0x000000078e300000,0x000000078e8b4598,0x000000078e980000)
  to   space 7680K, 0% used [0x0000000791200000,0x0000000791200000,0x0000000791980000)
 ParOldGen       total 108032K, used 484K [0x0000000723200000, 0x0000000729b80000, 0x000000078bb80000)
  object space 108032K, 0% used [0x0000000723200000,0x0000000723279260,0x0000000729b80000)
 Metaspace       used 20769K, capacity 20998K, committed 21296K, reserved 1067008K
  class space    used 2874K, capacity 2942K, committed 2944K, reserved 1048576K
}
Event: 14.616 GC heap before
{Heap before GC invocations=6 (full 1):
 PSYoungGen      total 47104K, used 5841K [0x000000078bb80000, 0x0000000791980000, 0x00000007c0000000)
  eden space 40448K, 0% used [0x000000078bb80000,0x000000078bb80000,0x000000078e300000)
  from space 6656K, 87% used [0x000000078e300000,0x000000078e8b4598,0x000000078e980000)
  to   space 7680K, 0% used [0x0000000791200000,0x0000000791200000,0x0000000791980000)
 ParOldGen       total 108032K, used 484K [0x0000000723200000, 0x0000000729b80000, 0x000000078bb80000)
  object space 108032K, 0% used [0x0000000723200000,0x0000000723279260,0x0000000729b80000)
 Metaspace       used 20769K, capacity 20998K, committed 21296K, reserved 1067008K
  class space    used 2874K, capacity 2942K, committed 2944K, reserved 1048576K
Event: 14.638 GC heap after
Heap after GC invocations=6 (full 1):
 PSYoungGen      total 47104K, used 0K [0x000000078bb80000, 0x0000000791980000, 0x00000007c0000000)
  eden space 40448K, 0% used [0x000000078bb80000,0x000000078bb80000,0x000000078e300000)
  from space 6656K, 0% used [0x000000078e300000,0x000000078e300000,0x000000078e980000)
  to   space 7680K, 0% used [0x0000000791200000,0x0000000791200000,0x0000000791980000)
 ParOldGen       total 54272K, used 5806K [0x0000000723200000, 0x0000000726700000, 0x000000078bb80000)
  object space 54272K, 10% used [0x0000000723200000,0x00000007237ab9a8,0x0000000726700000)
 Metaspace       used 20769K, capacity 20998K, committed 21296K, reserved 1067008K
  class space    used 2874K, capacity 2942K, committed 2944K, reserved 1048576K
}
Event: 14.912 GC heap before
{Heap before GC invocations=7 (full 1):
 PSYoungGen      total 47104K, used 40448K [0x000000078bb80000, 0x0000000791980000, 0x00000007c0000000)
  eden space 40448K, 100% used [0x000000078bb80000,0x000000078e300000,0x000000078e300000)
  from space 6656K, 0% used [0x000000078e300000,0x000000078e300000,0x000000078e980000)
  to   space 7680K, 0% used [0x0000000791200000,0x0000000791200000,0x0000000791980000)
 ParOldGen       total 54272K, used 5806K [0x0000000723200000, 0x0000000726700000, 0x000000078bb80000)
  object space 54272K, 10% used [0x0000000723200000,0x00000007237ab9a8,0x0000000726700000)
 Metaspace       used 23382K, capacity 23576K, committed 23936K, reserved 1069056K
  class space    used 3260K, capacity 3329K, committed 3456K, reserved 1048576K
Event: 14.915 GC heap after
Heap after GC invocations=7 (full 1):
 PSYoungGen      total 77824K, used 3516K [0x000000078bb80000, 0x0000000791580000, 0x00000007c0000000)
  eden space 74240K, 0% used [0x000000078bb80000,0x000000078bb80000,0x0000000790400000)
  from space 3584K, 98% used [0x0000000791200000,0x000000079156f310,0x0000000791580000)
  to   space 8192K, 0% used [0x0000000790580000,0x0000000790580000,0x0000000790d80000)
 ParOldGen       total 54272K, used 5806K [0x0000000723200000, 0x0000000726700000, 0x000000078bb80000)
  object space 54272K, 10% used [0x0000000723200000,0x00000007237ab9a8,0x0000000726700000)
 Metaspace       used 23382K, capacity 23576K, committed 23936K, reserved 1069056K
  class space    used 3260K, capacity 3329K, committed 3456K, reserved 1048576K
}
Event: 15.773 GC heap before
{Heap before GC invocations=8 (full 1):
 PSYoungGen      total 77824K, used 77756K [0x000000078bb80000, 0x0000000791580000, 0x00000007c0000000)
  eden space 74240K, 100% used [0x000000078bb80000,0x0000000790400000,0x0000000790400000)
  from space 3584K, 98% used [0x0000000791200000,0x000000079156f310,0x0000000791580000)
  to   space 8192K, 0% used [0x0000000790580000,0x0000000790580000,0x0000000790d80000)
 ParOldGen       total 54272K, used 5806K [0x0000000723200000, 0x0000000726700000, 0x000000078bb80000)
  object space 54272K, 10% used [0x0000000723200000,0x00000007237ab9a8,0x0000000726700000)
 Metaspace       used 29126K, capacity 29368K, committed 29696K, reserved 1075200K
  class space    used 3992K, capacity 4065K, committed 4096K, reserved 1048576K
Event: 15.787 GC heap after
Heap after GC invocations=8 (full 1):
 PSYoungGen      total 82432K, used 7577K [0x000000078bb80000, 0x0000000791580000, 0x00000007c0000000)
  eden space 74240K, 0% used [0x000000078bb80000,0x000000078bb80000,0x0000000790400000)
  from space 8192K, 92% used [0x0000000790580000,0x0000000790ce66d0,0x0000000790d80000)
  to   space 3584K, 0% used [0x0000000791200000,0x0000000791200000,0x0000000791580000)
 ParOldGen       total 54272K, used 5806K [0x0000000723200000, 0x0000000726700000, 0x000000078bb80000)
  object space 54272K, 10% used [0x0000000723200000,0x00000007237ab9a8,0x0000000726700000)
 Metaspace       used 29126K, capacity 29368K, committed 29696K, reserved 1075200K
  class space    used 3992K, capacity 4065K, committed 4096K, reserved 1048576K
}
Event: 15.796 GC heap before
{Heap before GC invocations=9 (full 1):
 PSYoungGen      total 82432K, used 9226K [0x000000078bb80000, 0x0000000791580000, 0x00000007c0000000)
  eden space 74240K, 2% used [0x000000078bb80000,0x000000078bd1c3e0,0x0000000790400000)
  from space 8192K, 92% used [0x0000000790580000,0x0000000790ce66d0,0x0000000790d80000)
  to   space 3584K, 0% used [0x0000000791200000,0x0000000791200000,0x0000000791580000)
 ParOldGen       total 54272K, used 5806K [0x0000000723200000, 0x0000000726700000, 0x000000078bb80000)
  object space 54272K, 10% used [0x0000000723200000,0x00000007237ab9a8,0x0000000726700000)
 Metaspace       used 29261K, capacity 29432K, committed 29696K, reserved 1079296K
  class space    used 4003K, capacity 4065K, committed 4096K, reserved 1048576K

