# JRE version: Java(TM) SE Runtime Environment (8.0_101-b13) (build 1.8.0_101-b13)
# Java VM: Java HotSpot(TM) 64-Bit Server VM (25.101-b13 mixed mode windows-amd64 compressed oops)
Heap:
 PSYoungGen      total 80896K, used 34874K [0x000000078bb80000, 0x0000000791400000, 0x00000007c0000000)
  eden space 73216K, 41% used [0x000000078bb80000,0x000000078d901df8,0x0000000790300000)
  from space 7680K, 60% used [0x0000000790a80000,0x0000000790f0cb00,0x0000000791200000)
  to   space 7680K, 0% used [0x0000000790300000,0x0000000790300000,0x0000000790a80000)
 ParOldGen       total 55296K, used 6251K [0x0000000723200000, 0x0000000726800000, 0x000000078bb80000)
  object space 55296K, 11% used [0x0000000723200000,0x000000072381af68,0x0000000726800000)
 Metaspace       used 28543K, capacity 28758K, committed 29184K, reserved 1077248K
  class space    used 3955K, capacity 4035K, committed 4096K, reserved 1048576K
GC Heap History (10 events):
Event: 1.712 GC heap before
{Heap before GC invocations=3 (full 0):
 PSYoungGen      total 47104K, used 46538K [0x000000078bb80000, 0x000000078f000000, 0x00000007c0000000)
  eden space 40448K, 100% used [0x000000078bb80000,0x000000078e300000,0x000000078e300000)
  from space 6656K, 91% used [0x000000078e980000,0x000000078ef72960,0x000000078f000000)
  to   space 6656K, 0% used [0x000000078e300000,0x000000078e300000,0x000000078e980000)
 ParOldGen       total 108032K, used 317K [0x0000000723200000, 0x0000000729b80000, 0x000000078bb80000)
  object space 108032K, 0% used [0x0000000723200000,0x000000072324f5a8,0x0000000729b80000)
 Metaspace       used 17823K, capacity 17982K, committed 18304K, reserved 1064960K
  class space    used 2505K, capacity 2579K, committed 2688K, reserved 1048576K
Event: 1.764 GC heap after
Heap after GC invocations=3 (full 0):
 PSYoungGen      total 47104K, used 6285K [0x000000078bb80000, 0x000000078f000000, 0x00000007c0000000)
  eden space 40448K, 0% used [0x000000078bb80000,0x000000078bb80000,0x000000078e300000)
  from space 6656K, 94% used [0x000000078e300000,0x000000078e923538,0x000000078e980000)
  to   space 6656K, 0% used [0x000000078e980000,0x000000078e980000,0x000000078f000000)
 ParOldGen       total 108032K, used 325K [0x0000000723200000, 0x0000000729b80000, 0x000000078bb80000)
  object space 108032K, 0% used [0x0000000723200000,0x00000007232515a8,0x0000000729b80000)
 Metaspace       used 17823K, capacity 17982K, committed 18304K, reserved 1064960K
  class space    used 2505K, capacity 2579K, committed 2688K, reserved 1048576K
}
Event: 2.218 GC heap before
{Heap before GC invocations=4 (full 0):
 PSYoungGen      total 47104K, used 37585K [0x000000078bb80000, 0x000000078f000000, 0x00000007c0000000)
  eden space 40448K, 77% used [0x000000078bb80000,0x000000078da11280,0x000000078e300000)
  from space 6656K, 94% used [0x000000078e300000,0x000000078e923538,0x000000078e980000)
  to   space 6656K, 0% used [0x000000078e980000,0x000000078e980000,0x000000078f000000)
 ParOldGen       total 108032K, used 325K [0x0000000723200000, 0x0000000729b80000, 0x000000078bb80000)
  object space 108032K, 0% used [0x0000000723200000,0x00000007232515a8,0x0000000729b80000)
 Metaspace       used 20843K, capacity 20996K, committed 21296K, reserved 1067008K
  class space    used 2898K, capacity 2944K, committed 2944K, reserved 1048576K
Event: 2.228 GC heap after
Heap after GC invocations=4 (full 0):
 PSYoungGen      total 47104K, used 6399K [0x000000078bb80000, 0x000000078f000000, 0x00000007c0000000)
  eden space 40448K, 0% used [0x000000078bb80000,0x000000078bb80000,0x000000078e300000)
  from space 6656K, 96% used [0x000000078e980000,0x000000078efbfe70,0x000000078f000000)
  to   space 6656K, 0% used [0x000000078e300000,0x000000078e300000,0x000000078e980000)
 ParOldGen       total 108032K, used 333K [0x0000000723200000, 0x0000000729b80000, 0x000000078bb80000)
  object space 108032K, 0% used [0x0000000723200000,0x00000007232535a8,0x0000000729b80000)
 Metaspace       used 20843K, capacity 20996K, committed 21296K, reserved 1067008K
  class space    used 2898K, capacity 2944K, committed 2944K, reserved 1048576K
}
Event: 2.228 GC heap before
{Heap before GC invocations=5 (full 1):
 PSYoungGen      total 47104K, used 6399K [0x000000078bb80000, 0x000000078f000000, 0x00000007c0000000)
  eden space 40448K, 0% used [0x000000078bb80000,0x000000078bb80000,0x000000078e300000)
  from space 6656K, 96% used [0x000000078e980000,0x000000078efbfe70,0x000000078f000000)
  to   space 6656K, 0% used [0x000000078e300000,0x000000078e300000,0x000000078e980000)
 ParOldGen       total 108032K, used 333K [0x0000000723200000, 0x0000000729b80000, 0x000000078bb80000)
  object space 108032K, 0% used [0x0000000723200000,0x00000007232535a8,0x0000000729b80000)
 Metaspace       used 20843K, capacity 20996K, committed 21296K, reserved 1067008K
  class space    used 2898K, capacity 2944K, committed 2944K, reserved 1048576K
Event: 2.249 GC heap after
Heap after GC invocations=5 (full 1):
 PSYoungGen      total 47104K, used 0K [0x000000078bb80000, 0x000000078f000000, 0x00000007c0000000)
  eden space 40448K, 0% used [0x000000078bb80000,0x000000078bb80000,0x000000078e300000)
  from space 6656K, 0% used [0x000000078e980000,0x000000078e980000,0x000000078f000000)
  to   space 6656K, 0% used [0x000000078e300000,0x000000078e300000,0x000000078e980000)
 ParOldGen       total 55296K, used 6251K [0x0000000723200000, 0x0000000726800000, 0x000000078bb80000)
  object space 55296K, 11% used [0x0000000723200000,0x000000072381af68,0x0000000726800000)
 Metaspace       used 20843K, capacity 20996K, committed 21296K, reserved 1067008K
  class space    used 2898K, capacity 2944K, committed 2944K, reserved 1048576K
}
Event: 2.466 GC heap before
{Heap before GC invocations=6 (full 1):
 PSYoungGen      total 47104K, used 40448K [0x000000078bb80000, 0x000000078f000000, 0x00000007c0000000)
  eden space 40448K, 100% used [0x000000078bb80000,0x000000078e300000,0x000000078e300000)
  from space 6656K, 0% used [0x000000078e980000,0x000000078e980000,0x000000078f000000)
  to   space 6656K, 0% used [0x000000078e300000,0x000000078e300000,0x000000078e980000)
 ParOldGen       total 55296K, used 6251K [0x0000000723200000, 0x0000000726800000, 0x000000078bb80000)
  object space 55296K, 11% used [0x0000000723200000,0x000000072381af68,0x0000000726800000)
 Metaspace       used 23361K, capacity 23574K, committed 23936K, reserved 1069056K
  class space    used 3277K, capacity 3331K, committed 3456K, reserved 1048576K
Event: 2.476 GC heap after
Heap after GC invocations=6 (full 1):
 PSYoungGen      total 47104K, used 3321K [0x000000078bb80000, 0x0000000791200000, 0x00000007c0000000)
  eden space 40448K, 0% used [0x000000078bb80000,0x000000078bb80000,0x000000078e300000)
  from space 6656K, 49% used [0x000000078e300000,0x000000078e63e638,0x000000078e980000)
  to   space 7680K, 0% used [0x0000000790a80000,0x0000000790a80000,0x0000000791200000)
 ParOldGen       total 55296K, used 6251K [0x0000000723200000, 0x0000000726800000, 0x000000078bb80000)
  object space 55296K, 11% used [0x0000000723200000,0x000000072381af68,0x0000000726800000)
 Metaspace       used 23361K, capacity 23574K, committed 23936K, reserved 1069056K
  class space    used 3277K, capacity 3331K, committed 3456K, reserved 1048576K
}
Event: 2.776 GC heap before
{Heap before GC invocations=7 (full 1):
 PSYoungGen      total 47104K, used 43769K [0x000000078bb80000, 0x0000000791200000, 0x00000007c0000000)
  eden space 40448K, 100% used [0x000000078bb80000,0x000000078e300000,0x000000078e300000)
  from space 6656K, 49% used [0x000000078e300000,0x000000078e63e638,0x000000078e980000)
  to   space 7680K, 0% used [0x0000000790a80000,0x0000000790a80000,0x0000000791200000)
 ParOldGen       total 55296K, used 6251K [0x0000000723200000, 0x0000000726800000, 0x000000078bb80000)
  object space 55296K, 11% used [0x0000000723200000,0x000000072381af68,0x0000000726800000)
 Metaspace       used 26635K, capacity 26838K, committed 27136K, reserved 1073152K
  class space    used 3701K, capacity 3779K, committed 3840K, reserved 1048576K
Event: 2.809 GC heap after
Heap after GC invocations=7 (full 1):
 PSYoungGen      total 80896K, used 4658K [0x000000078bb80000, 0x0000000791400000, 0x00000007c0000000)
  eden space 73216K, 0% used [0x000000078bb80000,0x000000078bb80000,0x0000000790300000)
  from space 7680K, 60% used [0x0000000790a80000,0x0000000790f0cb00,0x0000000791200000)
  to   space 7680K, 0% used [0x0000000790300000,0x0000000790300000,0x0000000790a80000)
 ParOldGen       total 55296K, used 6251K [0x0000000723200000, 0x0000000726800000, 0x000000078bb80000)
  object space 55296K, 11% used [0x0000000723200000,0x000000072381af68,0x0000000726800000)
 Metaspace       used 26635K, capacity 26838K, committed 27136K, reserved 1073152K
  class space    used 3701K, capacity 3779K, committed 3840K, reserved 1048576K
}

