# JRE version: Java(TM) SE Runtime Environment (8.0_101-b13) (build 1.8.0_101-b13)
# Java VM: Java HotSpot(TM) 64-Bit Server VM (25.101-b13 mixed mode windows-amd64 compressed oops)
Heap:
 PSYoungGen      total 131072K, used 70619K [0x000000078bb80000, 0x0000000794680000, 0x00000007c0000000)
  eden space 124928K, 53% used [0x000000078bb80000,0x000000078fc5f278,0x0000000793580000)
  from space 6144K, 68% used [0x0000000794080000,0x0000000794497b48,0x0000000794680000)
  to   space 8704K, 0% used [0x0000000793580000,0x0000000793580000,0x0000000793e00000)
 ParOldGen       total 62976K, used 10953K [0x0000000723200000, 0x0000000726f80000, 0x000000078bb80000)
  object space 62976K, 17% used [0x0000000723200000,0x0000000723cb2688,0x0000000726f80000)
 Metaspace       used 40682K, capacity 40934K, committed 41472K, reserved 1085440K
  class space    used 5522K, capacity 5616K, committed 5632K, reserved 1048576K
GC Heap History (10 events):
Event: 5.149 GC heap before
{Heap before GC invocations=6 (full 1):
 PSYoungGen      total 87552K, used 80896K [0x000000078bb80000, 0x0000000791780000, 0x00000007c0000000)
  eden space 80896K, 100% used [0x000000078bb80000,0x0000000790a80000,0x0000000790a80000)
  from space 6656K, 0% used [0x0000000791100000,0x0000000791100000,0x0000000791780000)
  to   space 6656K, 0% used [0x0000000790a80000,0x0000000790a80000,0x0000000791100000)
 ParOldGen       total 62976K, used 5816K [0x0000000723200000, 0x0000000726f80000, 0x000000078bb80000)
  object space 62976K, 9% used [0x0000000723200000,0x00000007237ae350,0x0000000726f80000)
 Metaspace       used 26800K, capacity 27096K, committed 27392K, reserved 1073152K
  class space    used 3687K, capacity 3777K, committed 3840K, reserved 1048576K
Event: 5.153 GC heap after
Heap after GC invocations=6 (full 1):
 PSYoungGen      total 87552K, used 6624K [0x000000078bb80000, 0x0000000791780000, 0x00000007c0000000)
  eden space 80896K, 0% used [0x000000078bb80000,0x000000078bb80000,0x0000000790a80000)
  from space 6656K, 99% used [0x0000000790a80000,0x00000007910f8278,0x0000000791100000)
  to   space 6656K, 0% used [0x0000000791100000,0x0000000791100000,0x0000000791780000)
 ParOldGen       total 62976K, used 6122K [0x0000000723200000, 0x0000000726f80000, 0x000000078bb80000)
  object space 62976K, 9% used [0x0000000723200000,0x00000007237fabd0,0x0000000726f80000)
 Metaspace       used 26800K, capacity 27096K, committed 27392K, reserved 1073152K
  class space    used 3687K, capacity 3777K, committed 3840K, reserved 1048576K
}
Event: 5.575 GC heap before
{Heap before GC invocations=7 (full 1):
 PSYoungGen      total 87552K, used 87520K [0x000000078bb80000, 0x0000000791780000, 0x00000007c0000000)
  eden space 80896K, 100% used [0x000000078bb80000,0x0000000790a80000,0x0000000790a80000)
  from space 6656K, 99% used [0x0000000790a80000,0x00000007910f8278,0x0000000791100000)
  to   space 6656K, 0% used [0x0000000791100000,0x0000000791100000,0x0000000791780000)
 ParOldGen       total 62976K, used 6122K [0x0000000723200000, 0x0000000726f80000, 0x000000078bb80000)
  object space 62976K, 9% used [0x0000000723200000,0x00000007237fabd0,0x0000000726f80000)
 Metaspace       used 31657K, capacity 31854K, committed 32384K, reserved 1077248K
  class space    used 4349K, capacity 4427K, committed 4480K, reserved 1048576K
Event: 5.580 GC heap after
Heap after GC invocations=7 (full 1):
 PSYoungGen      total 87552K, used 6627K [0x000000078bb80000, 0x0000000791780000, 0x00000007c0000000)
  eden space 80896K, 0% used [0x000000078bb80000,0x000000078bb80000,0x0000000790a80000)
  from space 6656K, 99% used [0x0000000791100000,0x0000000791778df0,0x0000000791780000)
  to   space 6656K, 0% used [0x0000000790a80000,0x0000000790a80000,0x0000000791100000)
 ParOldGen       total 62976K, used 6577K [0x0000000723200000, 0x0000000726f80000, 0x000000078bb80000)
  object space 62976K, 10% used [0x0000000723200000,0x000000072386c6b0,0x0000000726f80000)
 Metaspace       used 31657K, capacity 31854K, committed 32384K, reserved 1077248K
  class space    used 4349K, capacity 4427K, committed 4480K, reserved 1048576K
}
Event: 6.144 GC heap before
{Heap before GC invocations=8 (full 1):
 PSYoungGen      total 87552K, used 77685K [0x000000078bb80000, 0x0000000791780000, 0x00000007c0000000)
  eden space 80896K, 87% used [0x000000078bb80000,0x00000007900e4688,0x0000000790a80000)
  from space 6656K, 99% used [0x0000000791100000,0x0000000791778df0,0x0000000791780000)
  to   space 6656K, 0% used [0x0000000790a80000,0x0000000790a80000,0x0000000791100000)
 ParOldGen       total 62976K, used 6577K [0x0000000723200000, 0x0000000726f80000, 0x000000078bb80000)
  object space 62976K, 10% used [0x0000000723200000,0x000000072386c6b0,0x0000000726f80000)
 Metaspace       used 34888K, capacity 35046K, committed 35456K, reserved 1079296K
  class space    used 4819K, capacity 4912K, committed 4992K, reserved 1048576K
Event: 6.148 GC heap after
Heap after GC invocations=8 (full 1):
 PSYoungGen      total 87552K, used 6642K [0x000000078bb80000, 0x0000000794900000, 0x00000007c0000000)
  eden space 80896K, 0% used [0x000000078bb80000,0x000000078bb80000,0x0000000790a80000)
  from space 6656K, 99% used [0x0000000790a80000,0x00000007910fc9a8,0x0000000791100000)
  to   space 8704K, 0% used [0x0000000794080000,0x0000000794080000,0x0000000794900000)
 ParOldGen       total 62976K, used 6667K [0x0000000723200000, 0x0000000726f80000, 0x000000078bb80000)
  object space 62976K, 10% used [0x0000000723200000,0x0000000723882f50,0x0000000726f80000)
 Metaspace       used 34888K, capacity 35046K, committed 35456K, reserved 1079296K
  class space    used 4819K, capacity 4912K, committed 4992K, reserved 1048576K
}
Event: 6.148 GC heap before
{Heap before GC invocations=9 (full 2):
 PSYoungGen      total 87552K, used 6642K [0x000000078bb80000, 0x0000000794900000, 0x00000007c0000000)
  eden space 80896K, 0% used [0x000000078bb80000,0x000000078bb80000,0x0000000790a80000)
  from space 6656K, 99% used [0x0000000790a80000,0x00000007910fc9a8,0x0000000791100000)
  to   space 8704K, 0% used [0x0000000794080000,0x0000000794080000,0x0000000794900000)
 ParOldGen       total 62976K, used 6667K [0x0000000723200000, 0x0000000726f80000, 0x000000078bb80000)
  object space 62976K, 10% used [0x0000000723200000,0x0000000723882f50,0x0000000726f80000)
 Metaspace       used 34888K, capacity 35046K, committed 35456K, reserved 1079296K
  class space    used 4819K, capacity 4912K, committed 4992K, reserved 1048576K
Event: 6.177 GC heap after
Heap after GC invocations=9 (full 2):
 PSYoungGen      total 87552K, used 0K [0x000000078bb80000, 0x0000000794900000, 0x00000007c0000000)
  eden space 80896K, 0% used [0x000000078bb80000,0x000000078bb80000,0x0000000790a80000)
  from space 6656K, 0% used [0x0000000790a80000,0x0000000790a80000,0x0000000791100000)
  to   space 8704K, 0% used [0x0000000794080000,0x0000000794080000,0x0000000794900000)
 ParOldGen       total 62976K, used 10945K [0x0000000723200000, 0x0000000726f80000, 0x000000078bb80000)
  object space 62976K, 17% used [0x0000000723200000,0x0000000723cb0688,0x0000000726f80000)
 Metaspace       used 34888K, capacity 35046K, committed 35456K, reserved 1079296K
  class space    used 4819K, capacity 4912K, committed 4992K, reserved 1048576K
}
Event: 6.784 GC heap before
{Heap before GC invocations=10 (full 2):
 PSYoungGen      total 87552K, used 80896K [0x000000078bb80000, 0x0000000794900000, 0x00000007c0000000)
  eden space 80896K, 100% used [0x000000078bb80000,0x0000000790a80000,0x0000000790a80000)
  from space 6656K, 0% used [0x0000000790a80000,0x0000000790a80000,0x0000000791100000)
  to   space 8704K, 0% used [0x0000000794080000,0x0000000794080000,0x0000000794900000)
 ParOldGen       total 62976K, used 10945K [0x0000000723200000, 0x0000000726f80000, 0x000000078bb80000)
  object space 62976K, 17% used [0x0000000723200000,0x0000000723cb0688,0x0000000726f80000)
 Metaspace       used 37836K, capacity 38022K, committed 38656K, reserved 1083392K
  class space    used 5194K, capacity 5264K, committed 5376K, reserved 1048576K
Event: 6.790 GC heap after
Heap after GC invocations=10 (full 2):
 PSYoungGen      total 131072K, used 4190K [0x000000078bb80000, 0x0000000794680000, 0x00000007c0000000)
  eden space 124928K, 0% used [0x000000078bb80000,0x000000078bb80000,0x0000000793580000)
  from space 6144K, 68% used [0x0000000794080000,0x0000000794497b48,0x0000000794680000)
  to   space 8704K, 0% used [0x0000000793580000,0x0000000793580000,0x0000000793e00000)
 ParOldGen       total 62976K, used 10953K [0x0000000723200000, 0x0000000726f80000, 0x000000078bb80000)
  object space 62976K, 17% used [0x0000000723200000,0x0000000723cb2688,0x0000000726f80000)
 Metaspace       used 37836K, capacity 38022K, committed 38656K, reserved 1083392K
  class space    used 5194K, capacity 5264K, committed 5376K, reserved 1048576K
}

